epoch,batch_size,combination_number,dense_layers,epochs,loss,lr,lstm1_dropouts,lstm1_nodes,lstm_layers,optimizer,time_steps,val_loss
0,50,-1,"""[dense2_nodes, layers]""",60,0.05832568164914846,0.3782447755238777,0.4417928896886919,100,"""[layers, lstm2_dropouts, lstm2_nodes]""",sgd,50,0.4837556630373001
1,50,-1,"""[dense2_nodes, layers]""",60,0.03838426973670721,0.3782447755238777,0.4417928896886919,100,"""[layers, lstm2_dropouts, lstm2_nodes]""",sgd,50,0.20634686574339867
2,50,-1,"""[dense2_nodes, layers]""",60,0.03393553188070655,0.3782447755238777,0.4417928896886919,100,"""[layers, lstm2_dropouts, lstm2_nodes]""",sgd,50,0.2055601254105568
3,50,-1,"""[dense2_nodes, layers]""",60,0.031081041600555182,0.3782447755238777,0.4417928896886919,100,"""[layers, lstm2_dropouts, lstm2_nodes]""",sgd,50,0.21840449050068855
4,50,-1,"""[dense2_nodes, layers]""",60,0.03475210536271334,0.3782447755238777,0.4417928896886919,100,"""[layers, lstm2_dropouts, lstm2_nodes]""",sgd,50,0.16992389038205147
5,50,-1,"""[dense2_nodes, layers]""",60,0.03471738984808326,0.3782447755238777,0.4417928896886919,100,"""[layers, lstm2_dropouts, lstm2_nodes]""",sgd,50,0.18348828703165054
6,50,-1,"""[dense2_nodes, layers]""",60,0.034065698739141226,0.3782447755238777,0.4417928896886919,100,"""[layers, lstm2_dropouts, lstm2_nodes]""",sgd,50,0.19914479553699493
7,50,-1,"""[dense2_nodes, layers]""",60,0.028328630421310664,0.3782447755238777,0.4417928896886919,100,"""[layers, lstm2_dropouts, lstm2_nodes]""",sgd,50,0.19827121123671532
8,50,-1,"""[dense2_nodes, layers]""",60,0.03618713095784187,0.3782447755238777,0.4417928896886919,100,"""[layers, lstm2_dropouts, lstm2_nodes]""",sgd,50,0.18667232990264893
9,50,-1,"""[dense2_nodes, layers]""",60,0.03211283758282661,0.3782447755238777,0.4417928896886919,100,"""[layers, lstm2_dropouts, lstm2_nodes]""",sgd,50,0.18099532276391983
10,50,-1,"""[dense2_nodes, layers]""",60,0.03112842934206128,0.3782447755238777,0.4417928896886919,100,"""[layers, lstm2_dropouts, lstm2_nodes]""",sgd,50,0.20399630442261696
11,50,-1,"""[dense2_nodes, layers]""",60,0.029793541179969907,0.3782447755238777,0.4417928896886919,100,"""[layers, lstm2_dropouts, lstm2_nodes]""",sgd,50,0.17596198245882988
12,50,-1,"""[dense2_nodes, layers]""",60,0.03759991843253374,0.3782447755238777,0.4417928896886919,100,"""[layers, lstm2_dropouts, lstm2_nodes]""",sgd,50,0.16900666616857052
13,50,-1,"""[dense2_nodes, layers]""",60,0.03311936818063259,0.3782447755238777,0.4417928896886919,100,"""[layers, lstm2_dropouts, lstm2_nodes]""",sgd,50,0.1982506513595581
14,50,-1,"""[dense2_nodes, layers]""",60,0.028513692039996385,0.3782447755238777,0.4417928896886919,100,"""[layers, lstm2_dropouts, lstm2_nodes]""",sgd,50,0.1777995340526104
15,50,-1,"""[dense2_nodes, layers]""",60,0.03156105978414416,0.3782447755238777,0.4417928896886919,100,"""[layers, lstm2_dropouts, lstm2_nodes]""",sgd,50,0.19065022096037865
16,50,-1,"""[dense2_nodes, layers]""",60,0.024085480999201537,0.3782447755238777,0.4417928896886919,100,"""[layers, lstm2_dropouts, lstm2_nodes]""",sgd,50,0.21417606994509697
17,50,-1,"""[dense2_nodes, layers]""",60,0.02420144947245717,0.3782447755238777,0.4417928896886919,100,"""[layers, lstm2_dropouts, lstm2_nodes]""",sgd,50,0.18817969039082527
18,50,-1,"""[dense2_nodes, layers]""",60,0.02087861984036863,0.3782447755238777,0.4417928896886919,100,"""[layers, lstm2_dropouts, lstm2_nodes]""",sgd,50,0.1802954152226448
19,50,-1,"""[dense2_nodes, layers]""",60,0.0204202679451555,0.3782447755238777,0.4417928896886919,100,"""[layers, lstm2_dropouts, lstm2_nodes]""",sgd,50,0.18569054454565048
20,50,-1,"""[dense2_nodes, layers]""",60,0.020881465962156655,0.3782447755238777,0.4417928896886919,100,"""[layers, lstm2_dropouts, lstm2_nodes]""",sgd,50,0.171461820602417
21,50,-1,"""[dense2_nodes, layers]""",60,0.022543882299214602,0.3782447755238777,0.4417928896886919,100,"""[layers, lstm2_dropouts, lstm2_nodes]""",sgd,50,0.19511793181300163
22,50,-1,"""[dense2_nodes, layers]""",60,0.016383956559002398,0.3782447755238777,0.4417928896886919,100,"""[layers, lstm2_dropouts, lstm2_nodes]""",sgd,50,0.184883501380682
23,50,-1,"""[dense2_nodes, layers]""",60,0.017939799884334206,0.3782447755238777,0.4417928896886919,100,"""[layers, lstm2_dropouts, lstm2_nodes]""",sgd,50,0.2071392498910427
24,50,-1,"""[dense2_nodes, layers]""",60,0.019365742267109454,0.3782447755238777,0.4417928896886919,100,"""[layers, lstm2_dropouts, lstm2_nodes]""",sgd,50,0.2123735249042511
25,50,-1,"""[dense2_nodes, layers]""",60,0.017003911174833776,0.3782447755238777,0.4417928896886919,100,"""[layers, lstm2_dropouts, lstm2_nodes]""",sgd,50,0.21098896116018295
26,50,-1,"""[dense2_nodes, layers]""",60,0.017548108915798367,0.3782447755238777,0.4417928896886919,100,"""[layers, lstm2_dropouts, lstm2_nodes]""",sgd,50,0.19873188436031342
27,50,-1,"""[dense2_nodes, layers]""",60,0.016397946956567468,0.3782447755238777,0.4417928896886919,100,"""[layers, lstm2_dropouts, lstm2_nodes]""",sgd,50,0.20133531093597412
28,50,-1,"""[dense2_nodes, layers]""",60,0.016411446454003453,0.3782447755238777,0.4417928896886919,100,"""[layers, lstm2_dropouts, lstm2_nodes]""",sgd,50,0.19594500958919525
29,50,-1,"""[dense2_nodes, layers]""",60,0.014975027786567808,0.3782447755238777,0.4417928896886919,100,"""[layers, lstm2_dropouts, lstm2_nodes]""",sgd,50,0.1952757127583027
30,50,-1,"""[dense2_nodes, layers]""",60,0.01350031744223088,0.3782447755238777,0.4417928896886919,100,"""[layers, lstm2_dropouts, lstm2_nodes]""",sgd,50,0.1837373599410057
31,50,-1,"""[dense2_nodes, layers]""",60,0.011282474990002811,0.3782447755238777,0.4417928896886919,100,"""[layers, lstm2_dropouts, lstm2_nodes]""",sgd,50,0.18362835049629211
32,50,-1,"""[dense2_nodes, layers]""",60,0.013535832171328366,0.3782447755238777,0.4417928896886919,100,"""[layers, lstm2_dropouts, lstm2_nodes]""",sgd,50,0.17653165385127068
33,50,-1,"""[dense2_nodes, layers]""",60,0.014392498810775579,0.3782447755238777,0.4417928896886919,100,"""[layers, lstm2_dropouts, lstm2_nodes]""",sgd,50,0.16544415056705475
34,50,-1,"""[dense2_nodes, layers]""",60,0.014118394791148603,0.3782447755238777,0.4417928896886919,100,"""[layers, lstm2_dropouts, lstm2_nodes]""",sgd,50,0.18051254004240036
35,50,-1,"""[dense2_nodes, layers]""",60,0.01260134766343981,0.3782447755238777,0.4417928896886919,100,"""[layers, lstm2_dropouts, lstm2_nodes]""",sgd,50,0.1562032774090767
36,50,-1,"""[dense2_nodes, layers]""",60,0.01133455305825919,0.3782447755238777,0.4417928896886919,100,"""[layers, lstm2_dropouts, lstm2_nodes]""",sgd,50,0.18571696057915688
37,50,-1,"""[dense2_nodes, layers]""",60,0.013020874210633337,0.3782447755238777,0.4417928896886919,100,"""[layers, lstm2_dropouts, lstm2_nodes]""",sgd,50,0.22038347646594048
38,50,-1,"""[dense2_nodes, layers]""",60,0.011435318551957608,0.3782447755238777,0.4417928896886919,100,"""[layers, lstm2_dropouts, lstm2_nodes]""",sgd,50,0.1819283850491047
39,50,-1,"""[dense2_nodes, layers]""",60,0.012268437980674207,0.3782447755238777,0.4417928896886919,100,"""[layers, lstm2_dropouts, lstm2_nodes]""",sgd,50,0.1993153616786003
40,50,-1,"""[dense2_nodes, layers]""",60,0.01393576986156404,0.3782447755238777,0.4417928896886919,100,"""[layers, lstm2_dropouts, lstm2_nodes]""",sgd,50,0.18313271552324295
41,50,-1,"""[dense2_nodes, layers]""",60,0.012757363822311163,0.3782447755238777,0.4417928896886919,100,"""[layers, lstm2_dropouts, lstm2_nodes]""",sgd,50,0.21770620346069336
42,50,-1,"""[dense2_nodes, layers]""",60,0.012136785802431405,0.3782447755238777,0.4417928896886919,100,"""[layers, lstm2_dropouts, lstm2_nodes]""",sgd,50,0.19753332436084747
43,50,-1,"""[dense2_nodes, layers]""",60,0.012056963937357067,0.3782447755238777,0.4417928896886919,100,"""[layers, lstm2_dropouts, lstm2_nodes]""",sgd,50,0.21396110951900482
44,50,-1,"""[dense2_nodes, layers]""",60,0.010685945046134293,0.3782447755238777,0.4417928896886919,100,"""[layers, lstm2_dropouts, lstm2_nodes]""",sgd,50,0.18936971575021744
45,50,-1,"""[dense2_nodes, layers]""",60,0.011461181624326855,0.3782447755238777,0.4417928896886919,100,"""[layers, lstm2_dropouts, lstm2_nodes]""",sgd,50,0.19852055609226227
46,50,-1,"""[dense2_nodes, layers]""",60,0.010994497034698725,0.3782447755238777,0.4417928896886919,100,"""[layers, lstm2_dropouts, lstm2_nodes]""",sgd,50,0.2004360817372799
47,50,-1,"""[dense2_nodes, layers]""",60,0.010168231301940977,0.3782447755238777,0.4417928896886919,100,"""[layers, lstm2_dropouts, lstm2_nodes]""",sgd,50,0.19890087097883224
48,50,-1,"""[dense2_nodes, layers]""",60,0.012908026669174432,0.3782447755238777,0.4417928896886919,100,"""[layers, lstm2_dropouts, lstm2_nodes]""",sgd,50,0.2005476877093315
49,50,-1,"""[dense2_nodes, layers]""",60,0.009765940450597555,0.3782447755238777,0.4417928896886919,100,"""[layers, lstm2_dropouts, lstm2_nodes]""",sgd,50,0.19128740951418877
50,50,-1,"""[dense2_nodes, layers]""",60,0.012941598403267562,0.3782447755238777,0.4417928896886919,100,"""[layers, lstm2_dropouts, lstm2_nodes]""",sgd,50,0.1823650300502777
51,50,-1,"""[dense2_nodes, layers]""",60,0.011692327493801714,0.3782447755238777,0.4417928896886919,100,"""[layers, lstm2_dropouts, lstm2_nodes]""",sgd,50,0.19079070538282394
52,50,-1,"""[dense2_nodes, layers]""",60,0.008610516157932579,0.3782447755238777,0.4417928896886919,100,"""[layers, lstm2_dropouts, lstm2_nodes]""",sgd,50,0.18161612004041672
53,50,-1,"""[dense2_nodes, layers]""",60,0.010614130191970616,0.3782447755238777,0.4417928896886919,100,"""[layers, lstm2_dropouts, lstm2_nodes]""",sgd,50,0.1753823682665825
54,50,-1,"""[dense2_nodes, layers]""",60,0.009575678664259613,0.3782447755238777,0.4417928896886919,100,"""[layers, lstm2_dropouts, lstm2_nodes]""",sgd,50,0.20455842465162277
55,50,-1,"""[dense2_nodes, layers]""",60,0.010305895353667438,0.3782447755238777,0.4417928896886919,100,"""[layers, lstm2_dropouts, lstm2_nodes]""",sgd,50,0.18514825403690338
56,50,-1,"""[dense2_nodes, layers]""",60,0.01374768598470837,0.3782447755238777,0.4417928896886919,100,"""[layers, lstm2_dropouts, lstm2_nodes]""",sgd,50,0.18331488221883774
57,50,-1,"""[dense2_nodes, layers]""",60,0.011710566584952176,0.3782447755238777,0.4417928896886919,100,"""[layers, lstm2_dropouts, lstm2_nodes]""",sgd,50,0.21157152578234673
58,50,-1,"""[dense2_nodes, layers]""",60,0.011620048712939025,0.3782447755238777,0.4417928896886919,100,"""[layers, lstm2_dropouts, lstm2_nodes]""",sgd,50,0.20155105367302895
59,50,-1,"""[dense2_nodes, layers]""",60,0.007968186330981553,0.3782447755238777,0.4417928896886919,100,"""[layers, lstm2_dropouts, lstm2_nodes]""",sgd,50,0.16548019647598267
0,70,-1,"""[dense2_nodes, layers]""",50,nan,0.5641704402968588,0.39231374303034316,70,"""[layers, lstm2_dropouts, lstm2_nodes]""",rms,90,nan
1,70,-1,"""[dense2_nodes, layers]""",50,nan,0.5641704402968588,0.39231374303034316,70,"""[layers, lstm2_dropouts, lstm2_nodes]""",rms,90,nan
2,70,-1,"""[dense2_nodes, layers]""",50,nan,0.5641704402968588,0.39231374303034316,70,"""[layers, lstm2_dropouts, lstm2_nodes]""",rms,90,nan
3,70,-1,"""[dense2_nodes, layers]""",50,nan,0.5641704402968588,0.39231374303034316,70,"""[layers, lstm2_dropouts, lstm2_nodes]""",rms,90,nan
4,70,-1,"""[dense2_nodes, layers]""",50,nan,0.5641704402968588,0.39231374303034316,70,"""[layers, lstm2_dropouts, lstm2_nodes]""",rms,90,nan
5,70,-1,"""[dense2_nodes, layers]""",50,nan,0.5641704402968588,0.39231374303034316,70,"""[layers, lstm2_dropouts, lstm2_nodes]""",rms,90,nan
6,70,-1,"""[dense2_nodes, layers]""",50,nan,0.5641704402968588,0.39231374303034316,70,"""[layers, lstm2_dropouts, lstm2_nodes]""",rms,90,nan
7,70,-1,"""[dense2_nodes, layers]""",50,nan,0.5641704402968588,0.39231374303034316,70,"""[layers, lstm2_dropouts, lstm2_nodes]""",rms,90,nan
8,70,-1,"""[dense2_nodes, layers]""",50,nan,0.5641704402968588,0.39231374303034316,70,"""[layers, lstm2_dropouts, lstm2_nodes]""",rms,90,nan
9,70,-1,"""[dense2_nodes, layers]""",50,nan,0.5641704402968588,0.39231374303034316,70,"""[layers, lstm2_dropouts, lstm2_nodes]""",rms,90,nan
10,70,-1,"""[dense2_nodes, layers]""",50,nan,0.5641704402968588,0.39231374303034316,70,"""[layers, lstm2_dropouts, lstm2_nodes]""",rms,90,nan
11,70,-1,"""[dense2_nodes, layers]""",50,nan,0.5641704402968588,0.39231374303034316,70,"""[layers, lstm2_dropouts, lstm2_nodes]""",rms,90,nan
12,70,-1,"""[dense2_nodes, layers]""",50,nan,0.5641704402968588,0.39231374303034316,70,"""[layers, lstm2_dropouts, lstm2_nodes]""",rms,90,nan
13,70,-1,"""[dense2_nodes, layers]""",50,nan,0.5641704402968588,0.39231374303034316,70,"""[layers, lstm2_dropouts, lstm2_nodes]""",rms,90,nan
0,15,-1,"""[layers]""",60,0.16401937784893172,0.3907213215870172,0.48308137160215314,80,"""[layers, lstm2_dropouts, lstm2_nodes]""",rms,30,1.184046134352684
1,15,-1,"""[layers]""",60,0.16405405678919383,0.3907213215870172,0.48308137160215314,80,"""[layers, lstm2_dropouts, lstm2_nodes]""",rms,30,1.184046134352684
2,15,-1,"""[layers]""",60,0.164054055458733,0.3907213215870172,0.48308137160215314,80,"""[layers, lstm2_dropouts, lstm2_nodes]""",rms,30,1.184046134352684
3,15,-1,"""[layers]""",60,0.1640540575342519,0.3907213215870172,0.48308137160215314,80,"""[layers, lstm2_dropouts, lstm2_nodes]""",rms,30,1.184046134352684
4,15,-1,"""[layers]""",60,0.16405405811965465,0.3907213215870172,0.48308137160215314,80,"""[layers, lstm2_dropouts, lstm2_nodes]""",rms,30,1.184046134352684
5,15,-1,"""[layers]""",60,0.16405405641666482,0.3907213215870172,0.48308137160215314,80,"""[layers, lstm2_dropouts, lstm2_nodes]""",rms,30,1.184046134352684
6,15,-1,"""[layers]""",60,0.16405405593769892,0.3907213215870172,0.48308137160215314,80,"""[layers, lstm2_dropouts, lstm2_nodes]""",rms,30,1.184046134352684
7,15,-1,"""[layers]""",60,0.16405405668275697,0.3907213215870172,0.48308137160215314,80,"""[layers, lstm2_dropouts, lstm2_nodes]""",rms,30,1.184046134352684
8,15,-1,"""[layers]""",60,0.16405405678919383,0.3907213215870172,0.48308137160215314,80,"""[layers, lstm2_dropouts, lstm2_nodes]""",rms,30,1.184046134352684
9,15,-1,"""[layers]""",60,0.16405405774712561,0.3907213215870172,0.48308137160215314,80,"""[layers, lstm2_dropouts, lstm2_nodes]""",rms,30,1.184046134352684
10,15,-1,"""[layers]""",60,0.16405405646988325,0.3907213215870172,0.48308137160215314,80,"""[layers, lstm2_dropouts, lstm2_nodes]""",rms,30,1.184046134352684
11,15,-1,"""[layers]""",60,0.16405405593769892,0.3907213215870172,0.48308137160215314,80,"""[layers, lstm2_dropouts, lstm2_nodes]""",rms,30,1.184046134352684
12,15,-1,"""[layers]""",60,0.16405405588448047,0.3907213215870172,0.48308137160215314,80,"""[layers, lstm2_dropouts, lstm2_nodes]""",rms,30,1.184046134352684
13,15,-1,"""[layers]""",60,0.16405405684241225,0.3907213215870172,0.48308137160215314,80,"""[layers, lstm2_dropouts, lstm2_nodes]""",rms,30,1.184046134352684
14,15,-1,"""[layers]""",60,0.1640540568956307,0.3907213215870172,0.48308137160215314,80,"""[layers, lstm2_dropouts, lstm2_nodes]""",rms,30,1.184046134352684
15,15,-1,"""[layers]""",60,0.16405405838574683,0.3907213215870172,0.48308137160215314,80,"""[layers, lstm2_dropouts, lstm2_nodes]""",rms,30,1.184046134352684
16,15,-1,"""[layers]""",60,0.16405405684241225,0.3907213215870172,0.48308137160215314,80,"""[layers, lstm2_dropouts, lstm2_nodes]""",rms,30,1.184046134352684
17,15,-1,"""[layers]""",60,0.16405405646988325,0.3907213215870172,0.48308137160215314,80,"""[layers, lstm2_dropouts, lstm2_nodes]""",rms,30,1.184046134352684
18,15,-1,"""[layers]""",60,0.1640540575342519,0.3907213215870172,0.48308137160215314,80,"""[layers, lstm2_dropouts, lstm2_nodes]""",rms,30,1.184046134352684
19,15,-1,"""[layers]""",60,0.1640540578269533,0.3907213215870172,0.48308137160215314,80,"""[layers, lstm2_dropouts, lstm2_nodes]""",rms,30,1.184046134352684
20,15,-1,"""[layers]""",60,0.16405405615057264,0.3907213215870172,0.48308137160215314,80,"""[layers, lstm2_dropouts, lstm2_nodes]""",rms,30,1.184046134352684
21,15,-1,"""[layers]""",60,0.16405405524585928,0.3907213215870172,0.48308137160215314,80,"""[layers, lstm2_dropouts, lstm2_nodes]""",rms,30,1.184046134352684
22,15,-1,"""[layers]""",60,0.1640540582260915,0.3907213215870172,0.48308137160215314,80,"""[layers, lstm2_dropouts, lstm2_nodes]""",rms,30,1.184046134352684
23,15,-1,"""[layers]""",60,0.1640540575342519,0.3907213215870172,0.48308137160215314,80,"""[layers, lstm2_dropouts, lstm2_nodes]""",rms,30,1.184046134352684
24,15,-1,"""[layers]""",60,0.16405405593769892,0.3907213215870172,0.48308137160215314,80,"""[layers, lstm2_dropouts, lstm2_nodes]""",rms,30,1.184046134352684
25,15,-1,"""[layers]""",60,0.16405405710850443,0.3907213215870172,0.48308137160215314,80,"""[layers, lstm2_dropouts, lstm2_nodes]""",rms,30,1.184046134352684
26,15,-1,"""[layers]""",60,0.16405405748103347,0.3907213215870172,0.48308137160215314,80,"""[layers, lstm2_dropouts, lstm2_nodes]""",rms,30,1.184046134352684
27,15,-1,"""[layers]""",60,0.16405405774712561,0.3907213215870172,0.48308137160215314,80,"""[layers, lstm2_dropouts, lstm2_nodes]""",rms,30,1.184046134352684
28,15,-1,"""[layers]""",60,0.1640540568956307,0.3907213215870172,0.48308137160215314,80,"""[layers, lstm2_dropouts, lstm2_nodes]""",rms,30,1.184046134352684
29,15,-1,"""[layers]""",60,0.16405405593769892,0.3907213215870172,0.48308137160215314,80,"""[layers, lstm2_dropouts, lstm2_nodes]""",rms,30,1.184046134352684
30,15,-1,"""[layers]""",60,0.1640540565763201,0.3907213215870172,0.48308137160215314,80,"""[layers, lstm2_dropouts, lstm2_nodes]""",rms,30,1.184046134352684
31,15,-1,"""[layers]""",60,0.16405405795999936,0.3907213215870172,0.48308137160215314,80,"""[layers, lstm2_dropouts, lstm2_nodes]""",rms,30,1.184046134352684
32,15,-1,"""[layers]""",60,0.1640540567359754,0.3907213215870172,0.48308137160215314,80,"""[layers, lstm2_dropouts, lstm2_nodes]""",rms,30,1.184046134352684
33,15,-1,"""[layers]""",60,0.1640540565763201,0.3907213215870172,0.48308137160215314,80,"""[layers, lstm2_dropouts, lstm2_nodes]""",rms,30,1.184046134352684
34,15,-1,"""[layers]""",60,0.1640540572149413,0.3907213215870172,0.48308137160215314,80,"""[layers, lstm2_dropouts, lstm2_nodes]""",rms,30,1.184046134352684
35,15,-1,"""[layers]""",60,0.16405405662953854,0.3907213215870172,0.48308137160215314,80,"""[layers, lstm2_dropouts, lstm2_nodes]""",rms,30,1.184046134352684
36,15,-1,"""[layers]""",60,0.1640540572149413,0.3907213215870172,0.48308137160215314,80,"""[layers, lstm2_dropouts, lstm2_nodes]""",rms,30,1.184046134352684
37,15,-1,"""[layers]""",60,0.16405405700206757,0.3907213215870172,0.48308137160215314,80,"""[layers, lstm2_dropouts, lstm2_nodes]""",rms,30,1.184046134352684
38,15,-1,"""[layers]""",60,0.16405405678919383,0.3907213215870172,0.48308137160215314,80,"""[layers, lstm2_dropouts, lstm2_nodes]""",rms,30,1.184046134352684
39,15,-1,"""[layers]""",60,0.16405405668275697,0.3907213215870172,0.48308137160215314,80,"""[layers, lstm2_dropouts, lstm2_nodes]""",rms,30,1.184046134352684
40,15,-1,"""[layers]""",60,0.16405405631022793,0.3907213215870172,0.48308137160215314,80,"""[layers, lstm2_dropouts, lstm2_nodes]""",rms,30,1.184046134352684
41,15,-1,"""[layers]""",60,0.16405405636344636,0.3907213215870172,0.48308137160215314,80,"""[layers, lstm2_dropouts, lstm2_nodes]""",rms,30,1.184046134352684
42,15,-1,"""[layers]""",60,0.1640540575342519,0.3907213215870172,0.48308137160215314,80,"""[layers, lstm2_dropouts, lstm2_nodes]""",rms,30,1.184046134352684
43,15,-1,"""[layers]""",60,0.16405405678919383,0.3907213215870172,0.48308137160215314,80,"""[layers, lstm2_dropouts, lstm2_nodes]""",rms,30,1.184046134352684
44,15,-1,"""[layers]""",60,0.1640540575342519,0.3907213215870172,0.48308137160215314,80,"""[layers, lstm2_dropouts, lstm2_nodes]""",rms,30,1.184046134352684
45,15,-1,"""[layers]""",60,0.16405405615057264,0.3907213215870172,0.48308137160215314,80,"""[layers, lstm2_dropouts, lstm2_nodes]""",rms,30,1.184046134352684
46,15,-1,"""[layers]""",60,0.16405405774712561,0.3907213215870172,0.48308137160215314,80,"""[layers, lstm2_dropouts, lstm2_nodes]""",rms,30,1.184046134352684
47,15,-1,"""[layers]""",60,0.16405405468706574,0.3907213215870172,0.48308137160215314,80,"""[layers, lstm2_dropouts, lstm2_nodes]""",rms,30,1.184046134352684
48,15,-1,"""[layers]""",60,0.16405405668275697,0.3907213215870172,0.48308137160215314,80,"""[layers, lstm2_dropouts, lstm2_nodes]""",rms,30,1.184046134352684
49,15,-1,"""[layers]""",60,0.1640540580132178,0.3907213215870172,0.48308137160215314,80,"""[layers, lstm2_dropouts, lstm2_nodes]""",rms,30,1.184046134352684
50,15,-1,"""[layers]""",60,0.16405405817287308,0.3907213215870172,0.48308137160215314,80,"""[layers, lstm2_dropouts, lstm2_nodes]""",rms,30,1.184046134352684
51,15,-1,"""[layers]""",60,0.164054055086204,0.3907213215870172,0.48308137160215314,80,"""[layers, lstm2_dropouts, lstm2_nodes]""",rms,30,1.184046134352684
52,15,-1,"""[layers]""",60,0.1640540587050574,0.3907213215870172,0.48308137160215314,80,"""[layers, lstm2_dropouts, lstm2_nodes]""",rms,30,1.184046134352684
53,15,-1,"""[layers]""",60,0.16405405620379107,0.3907213215870172,0.48308137160215314,80,"""[layers, lstm2_dropouts, lstm2_nodes]""",rms,30,1.184046134352684
54,15,-1,"""[layers]""",60,0.16405405593769892,0.3907213215870172,0.48308137160215314,80,"""[layers, lstm2_dropouts, lstm2_nodes]""",rms,30,1.184046134352684
55,15,-1,"""[layers]""",60,0.16405405732137815,0.3907213215870172,0.48308137160215314,80,"""[layers, lstm2_dropouts, lstm2_nodes]""",rms,30,1.184046134352684
56,15,-1,"""[layers]""",60,0.16405405790678093,0.3907213215870172,0.48308137160215314,80,"""[layers, lstm2_dropouts, lstm2_nodes]""",rms,30,1.184046134352684
57,15,-1,"""[layers]""",60,0.16405405551195146,0.3907213215870172,0.48308137160215314,80,"""[layers, lstm2_dropouts, lstm2_nodes]""",rms,30,1.184046134352684
58,15,-1,"""[layers]""",60,0.1640540549797671,0.3907213215870172,0.48308137160215314,80,"""[layers, lstm2_dropouts, lstm2_nodes]""",rms,30,1.184046134352684
59,15,-1,"""[layers]""",60,0.164054057055286,0.3907213215870172,0.48308137160215314,80,"""[layers, lstm2_dropouts, lstm2_nodes]""",rms,30,1.184046134352684
0,5,-1,"""[layers]""",50,0.1273450297000818,0.7121228167365842,0.34737294944208597,70,"""[layers, lstm2_dropouts, lstm2_nodes]""",rms,80,1.0139134777219672
1,5,-1,"""[layers]""",50,0.1336128633795306,0.7121228167365842,0.34737294944208597,70,"""[layers, lstm2_dropouts, lstm2_nodes]""",rms,80,0.4641991716466452
2,5,-1,"""[layers]""",50,0.12662767582572998,0.7121228167365842,0.34737294944208597,70,"""[layers, lstm2_dropouts, lstm2_nodes]""",rms,80,0.1999589204788208
3,5,-1,"""[layers]""",50,0.13639693611301482,0.7121228167365842,0.34737294944208597,70,"""[layers, lstm2_dropouts, lstm2_nodes]""",rms,80,0.5460057297819539
4,5,-1,"""[layers]""",50,0.1337768084986601,0.7121228167365842,0.34737294944208597,70,"""[layers, lstm2_dropouts, lstm2_nodes]""",rms,80,0.24595680519154198
5,5,-1,"""[layers]""",50,0.13603848424507306,0.7121228167365842,0.34737294944208597,70,"""[layers, lstm2_dropouts, lstm2_nodes]""",rms,80,1.0499482688150907
6,5,-1,"""[layers]""",50,0.1292521351017058,0.7121228167365842,0.34737294944208597,70,"""[layers, lstm2_dropouts, lstm2_nodes]""",rms,80,0.5777400230106554
7,5,-1,"""[layers]""",50,0.13322085650637747,0.7121228167365842,0.34737294944208597,70,"""[layers, lstm2_dropouts, lstm2_nodes]""",rms,80,1.0754603304361041
8,5,-1,"""[layers]""",50,0.12012316228589043,0.7121228167365842,0.34737294944208597,70,"""[layers, lstm2_dropouts, lstm2_nodes]""",rms,80,0.3624210855678508
9,5,-1,"""[layers]""",50,0.12288384485756979,0.7121228167365842,0.34737294944208597,70,"""[layers, lstm2_dropouts, lstm2_nodes]""",rms,80,0.7822797416072143
10,5,-1,"""[layers]""",50,0.12608567374874838,0.7121228167365842,0.34737294944208597,70,"""[layers, lstm2_dropouts, lstm2_nodes]""",rms,80,1.0896890524186587
11,5,-1,"""[layers]""",50,0.12613852018024774,0.7121228167365842,0.34737294944208597,70,"""[layers, lstm2_dropouts, lstm2_nodes]""",rms,80,0.1223995745868275
12,5,-1,"""[layers]""",50,0.1349638597294688,0.7121228167365842,0.34737294944208597,70,"""[layers, lstm2_dropouts, lstm2_nodes]""",rms,80,0.9923187133512998
13,5,-1,"""[layers]""",50,0.12494174586609005,0.7121228167365842,0.34737294944208597,70,"""[layers, lstm2_dropouts, lstm2_nodes]""",rms,80,1.0953086191102077
14,5,-1,"""[layers]""",50,0.12933834722265602,0.7121228167365842,0.34737294944208597,70,"""[layers, lstm2_dropouts, lstm2_nodes]""",rms,80,0.40421916622864573
15,5,-1,"""[layers]""",50,0.1318163440003991,0.7121228167365842,0.34737294944208597,70,"""[layers, lstm2_dropouts, lstm2_nodes]""",rms,80,0.7194728121945733
16,5,-1,"""[layers]""",50,0.1369280987244565,0.7121228167365842,0.34737294944208597,70,"""[layers, lstm2_dropouts, lstm2_nodes]""",rms,80,0.8280375395950518
17,5,-1,"""[layers]""",50,0.12829926055390387,0.7121228167365842,0.34737294944208597,70,"""[layers, lstm2_dropouts, lstm2_nodes]""",rms,80,0.16757450341001937
18,5,-1,"""[layers]""",50,0.13519487609155476,0.7121228167365842,0.34737294944208597,70,"""[layers, lstm2_dropouts, lstm2_nodes]""",rms,80,0.9324378841801694
19,5,-1,"""[layers]""",50,0.13216817158972843,0.7121228167365842,0.34737294944208597,70,"""[layers, lstm2_dropouts, lstm2_nodes]""",rms,80,0.9127857167469827
